<?xml version="1.0" encoding="UTF-8"?>
<!-- Generated by org.testng.reporters.JUnitReportReporter -->
<testsuite hostname="Srinu" failures="0" tests="3" name="Testng_practice.FirstTestcase" time="0.005" errors="0" timestamp="2025-01-25T17:22:57 IST" skipped="0">
  <testcase classname="Testng_practice.FirstTestcase" name="launchtheapplication" time="0.002"/>
  <system-out/>
  <testcase classname="Testng_practice.FirstTestcase" name="login" time="0.001"/>
  <system-out/>
  <testcase classname="Testng_practice.FirstTestcase" name="logout" time="0.002"/>
  <system-out/>
</testsuite> <!-- Testng_practice.FirstTestcase -->
