<?xml version="1.0" encoding="UTF-8"?>
<!-- Generated by org.testng.reporters.JUnitReportReporter -->
<testsuite hostname="Srinu" failures="0" tests="1" name="TestCases.TC_001Loginpage" time="2.227" errors="0" timestamp="2025-02-18T18:19:11 IST" skipped="0">
  <testcase classname="TestCases.TC_001Loginpage" name="loginpage" time="2.227"/>
</testsuite> <!-- TestCases.TC_001Loginpage -->
